/home/saminrk/workspace/scWGS-Tumor-Phylogeny/src/phylogeny_utils.py:180: UserWarning: This figure includes Axes that are not compatible with tight_layout, so results might be incorrect.
  plt.tight_layout()
/home/saminrk/workspace/scWGS-Tumor-Phylogeny/src/phylogeny_utils.py:180: UserWarning: This figure includes Axes that are not compatible with tight_layout, so results might be incorrect.
  plt.tight_layout()
/home/saminrk/workspace/scWGS-Tumor-Phylogeny/src/phylogeny_utils.py:180: UserWarning: This figure includes Axes that are not compatible with tight_layout, so results might be incorrect.
  plt.tight_layout()
/home/saminrk/workspace/scWGS-Tumor-Phylogeny/src/phylogeny_utils.py:180: UserWarning: This figure includes Axes that are not compatible with tight_layout, so results might be incorrect.
  plt.tight_layout()
/home/saminrk/workspace/scWGS-Tumor-Phylogeny/src/phylogeny_utils.py:180: UserWarning: This figure includes Axes that are not compatible with tight_layout, so results might be incorrect.
  plt.tight_layout()
/home/saminrk/workspace/scWGS-Tumor-Phylogeny/src/phylogeny_utils.py:180: UserWarning: This figure includes Axes that are not compatible with tight_layout, so results might be incorrect.
  plt.tight_layout()
/home/saminrk/workspace/scWGS-Tumor-Phylogeny/src/phylogeny_utils.py:180: UserWarning: This figure includes Axes that are not compatible with tight_layout, so results might be incorrect.
  plt.tight_layout()
/home/saminrk/workspace/scWGS-Tumor-Phylogeny/src/phylogeny_utils.py:180: UserWarning: This figure includes Axes that are not compatible with tight_layout, so results might be incorrect.
  plt.tight_layout()
/home/saminrk/workspace/scWGS-Tumor-Phylogeny/src/phylogeny_utils.py:180: UserWarning: This figure includes Axes that are not compatible with tight_layout, so results might be incorrect.
  plt.tight_layout()
/home/saminrk/workspace/scWGS-Tumor-Phylogeny/src/phylogeny_utils.py:180: UserWarning: This figure includes Axes that are not compatible with tight_layout, so results might be incorrect.
  plt.tight_layout()
/home/saminrk/workspace/scWGS-Tumor-Phylogeny/src/phylogeny_utils.py:180: UserWarning: This figure includes Axes that are not compatible with tight_layout, so results might be incorrect.
  plt.tight_layout()
/home/saminrk/workspace/scWGS-Tumor-Phylogeny/src/phylogeny_utils.py:180: UserWarning: This figure includes Axes that are not compatible with tight_layout, so results might be incorrect.
  plt.tight_layout()
/home/saminrk/workspace/scWGS-Tumor-Phylogeny/src/phylogeny_utils.py:180: UserWarning: This figure includes Axes that are not compatible with tight_layout, so results might be incorrect.
  plt.tight_layout()
/home/saminrk/workspace/scWGS-Tumor-Phylogeny/src/phylogeny_utils.py:180: UserWarning: This figure includes Axes that are not compatible with tight_layout, so results might be incorrect.
  plt.tight_layout()
/home/saminrk/workspace/scWGS-Tumor-Phylogeny/src/phylogeny_utils.py:180: UserWarning: This figure includes Axes that are not compatible with tight_layout, so results might be incorrect.
  plt.tight_layout()
/home/saminrk/workspace/scWGS-Tumor-Phylogeny/src/phylogeny_utils.py:180: UserWarning: This figure includes Axes that are not compatible with tight_layout, so results might be incorrect.
  plt.tight_layout()
/home/saminrk/workspace/scWGS-Tumor-Phylogeny/src/phylogeny_utils.py:180: UserWarning: This figure includes Axes that are not compatible with tight_layout, so results might be incorrect.
  plt.tight_layout()
/home/saminrk/workspace/scWGS-Tumor-Phylogeny/src/phylogeny_utils.py:180: UserWarning: This figure includes Axes that are not compatible with tight_layout, so results might be incorrect.
  plt.tight_layout()
/home/saminrk/workspace/scWGS-Tumor-Phylogeny/src/phylogeny_utils.py:180: UserWarning: This figure includes Axes that are not compatible with tight_layout, so results might be incorrect.
  plt.tight_layout()
/home/saminrk/workspace/scWGS-Tumor-Phylogeny/src/phylogeny_utils.py:180: UserWarning: This figure includes Axes that are not compatible with tight_layout, so results might be incorrect.
  plt.tight_layout()
/home/saminrk/workspace/scWGS-Tumor-Phylogeny/src/phylogeny_utils.py:180: UserWarning: This figure includes Axes that are not compatible with tight_layout, so results might be incorrect.
  plt.tight_layout()
/home/saminrk/workspace/scWGS-Tumor-Phylogeny/src/phylogeny_utils.py:180: UserWarning: This figure includes Axes that are not compatible with tight_layout, so results might be incorrect.
  plt.tight_layout()
/home/saminrk/workspace/scWGS-Tumor-Phylogeny/src/phylogeny_utils.py:180: UserWarning: This figure includes Axes that are not compatible with tight_layout, so results might be incorrect.
  plt.tight_layout()
/home/saminrk/workspace/scWGS-Tumor-Phylogeny/src/phylogeny_utils.py:180: UserWarning: This figure includes Axes that are not compatible with tight_layout, so results might be incorrect.
  plt.tight_layout()
/home/saminrk/workspace/scWGS-Tumor-Phylogeny/src/phylogeny_utils.py:180: UserWarning: This figure includes Axes that are not compatible with tight_layout, so results might be incorrect.
  plt.tight_layout()
/home/saminrk/workspace/scWGS-Tumor-Phylogeny/src/phylogeny_utils.py:180: UserWarning: This figure includes Axes that are not compatible with tight_layout, so results might be incorrect.
  plt.tight_layout()
/home/saminrk/workspace/scWGS-Tumor-Phylogeny/src/phylogeny_utils.py:180: UserWarning: This figure includes Axes that are not compatible with tight_layout, so results might be incorrect.
  plt.tight_layout()
/home/saminrk/workspace/scWGS-Tumor-Phylogeny/src/phylogeny_utils.py:180: UserWarning: This figure includes Axes that are not compatible with tight_layout, so results might be incorrect.
  plt.tight_layout()
/home/saminrk/workspace/scWGS-Tumor-Phylogeny/src/phylogeny_utils.py:180: UserWarning: This figure includes Axes that are not compatible with tight_layout, so results might be incorrect.
  plt.tight_layout()
/home/saminrk/workspace/scWGS-Tumor-Phylogeny/src/phylogeny_utils.py:180: UserWarning: This figure includes Axes that are not compatible with tight_layout, so results might be incorrect.
  plt.tight_layout()
/home/saminrk/workspace/scWGS-Tumor-Phylogeny/src/phylogeny_utils.py:180: UserWarning: This figure includes Axes that are not compatible with tight_layout, so results might be incorrect.
  plt.tight_layout()
/home/saminrk/workspace/scWGS-Tumor-Phylogeny/src/phylogeny_utils.py:180: UserWarning: This figure includes Axes that are not compatible with tight_layout, so results might be incorrect.
  plt.tight_layout()
/home/saminrk/workspace/scWGS-Tumor-Phylogeny/src/phylogeny_utils.py:180: UserWarning: This figure includes Axes that are not compatible with tight_layout, so results might be incorrect.
  plt.tight_layout()
/home/saminrk/workspace/scWGS-Tumor-Phylogeny/src/phylogeny_utils.py:180: UserWarning: This figure includes Axes that are not compatible with tight_layout, so results might be incorrect.
  plt.tight_layout()
/home/saminrk/workspace/scWGS-Tumor-Phylogeny/src/phylogeny_utils.py:180: UserWarning: This figure includes Axes that are not compatible with tight_layout, so results might be incorrect.
  plt.tight_layout()
/home/saminrk/workspace/scWGS-Tumor-Phylogeny/src/phylogeny_utils.py:180: UserWarning: This figure includes Axes that are not compatible with tight_layout, so results might be incorrect.
  plt.tight_layout()
/home/saminrk/workspace/scWGS-Tumor-Phylogeny/src/phylogeny_utils.py:180: UserWarning: This figure includes Axes that are not compatible with tight_layout, so results might be incorrect.
  plt.tight_layout()
/home/saminrk/workspace/scWGS-Tumor-Phylogeny/src/phylogeny_utils.py:180: UserWarning: This figure includes Axes that are not compatible with tight_layout, so results might be incorrect.
  plt.tight_layout()
/home/saminrk/workspace/scWGS-Tumor-Phylogeny/src/phylogeny_utils.py:180: UserWarning: This figure includes Axes that are not compatible with tight_layout, so results might be incorrect.
  plt.tight_layout()
/home/saminrk/workspace/scWGS-Tumor-Phylogeny/src/phylogeny_utils.py:180: UserWarning: This figure includes Axes that are not compatible with tight_layout, so results might be incorrect.
  plt.tight_layout()
/home/saminrk/workspace/scWGS-Tumor-Phylogeny/src/phylogeny_utils.py:180: UserWarning: This figure includes Axes that are not compatible with tight_layout, so results might be incorrect.
  plt.tight_layout()
/home/saminrk/workspace/scWGS-Tumor-Phylogeny/src/phylogeny_utils.py:180: UserWarning: This figure includes Axes that are not compatible with tight_layout, so results might be incorrect.
  plt.tight_layout()
/home/saminrk/workspace/scWGS-Tumor-Phylogeny/src/phylogeny_utils.py:180: UserWarning: This figure includes Axes that are not compatible with tight_layout, so results might be incorrect.
  plt.tight_layout()
/home/saminrk/workspace/scWGS-Tumor-Phylogeny/src/phylogeny_utils.py:180: UserWarning: This figure includes Axes that are not compatible with tight_layout, so results might be incorrect.
  plt.tight_layout()
/home/saminrk/workspace/scWGS-Tumor-Phylogeny/src/phylogeny_utils.py:180: UserWarning: This figure includes Axes that are not compatible with tight_layout, so results might be incorrect.
  plt.tight_layout()
/home/saminrk/workspace/scWGS-Tumor-Phylogeny/src/phylogeny_utils.py:180: UserWarning: This figure includes Axes that are not compatible with tight_layout, so results might be incorrect.
  plt.tight_layout()
/home/saminrk/workspace/scWGS-Tumor-Phylogeny/src/phylogeny_utils.py:180: UserWarning: This figure includes Axes that are not compatible with tight_layout, so results might be incorrect.
  plt.tight_layout()
/home/saminrk/workspace/scWGS-Tumor-Phylogeny/src/phylogeny_utils.py:180: UserWarning: This figure includes Axes that are not compatible with tight_layout, so results might be incorrect.
  plt.tight_layout()
/home/saminrk/workspace/scWGS-Tumor-Phylogeny/src/phylogeny_utils.py:180: UserWarning: This figure includes Axes that are not compatible with tight_layout, so results might be incorrect.
  plt.tight_layout()
/home/saminrk/workspace/scWGS-Tumor-Phylogeny/src/phylogeny_utils.py:180: UserWarning: This figure includes Axes that are not compatible with tight_layout, so results might be incorrect.
  plt.tight_layout()
/home/saminrk/workspace/scWGS-Tumor-Phylogeny/src/phylogeny_utils.py:180: UserWarning: This figure includes Axes that are not compatible with tight_layout, so results might be incorrect.
  plt.tight_layout()
/home/saminrk/workspace/scWGS-Tumor-Phylogeny/src/phylogeny_utils.py:180: UserWarning: This figure includes Axes that are not compatible with tight_layout, so results might be incorrect.
  plt.tight_layout()
/home/saminrk/workspace/scWGS-Tumor-Phylogeny/src/phylogeny_utils.py:180: UserWarning: This figure includes Axes that are not compatible with tight_layout, so results might be incorrect.
  plt.tight_layout()
/home/saminrk/workspace/scWGS-Tumor-Phylogeny/src/phylogeny_utils.py:180: UserWarning: This figure includes Axes that are not compatible with tight_layout, so results might be incorrect.
  plt.tight_layout()
/home/saminrk/workspace/scWGS-Tumor-Phylogeny/src/phylogeny_utils.py:180: UserWarning: This figure includes Axes that are not compatible with tight_layout, so results might be incorrect.
  plt.tight_layout()
/home/saminrk/workspace/scWGS-Tumor-Phylogeny/src/phylogeny_utils.py:180: UserWarning: This figure includes Axes that are not compatible with tight_layout, so results might be incorrect.
  plt.tight_layout()
Traceback (most recent call last):
  File "<frozen runpy>", line 198, in _run_module_as_main
  File "<frozen runpy>", line 88, in _run_code
  File "/home/saminrk/workspace/scWGS-Tumor-Phylogeny/src/run_williams.py", line 152, in <module>
    run_for_sample(sample)
    ~~~~~~~~~~~~~~^^^^^^^^
  File "/home/saminrk/workspace/scWGS-Tumor-Phylogeny/src/run_williams.py", line 125, in run_for_sample
    draw_clone_tree(fixed_T, f"{solution_path}/T.svg")
    ~~~~~~~~~~~~~~~^^^^^^^^^^^^^^^^^^^^^^^^^^^^^^^^^^^
  File "/home/saminrk/workspace/scWGS-Tumor-Phylogeny/src/phylogeny_utils.py", line 129, in draw_clone_tree
    pos = nx.nx_agraph.graphviz_layout(T, prog="dot", args="-Gnodesep=.5 -Granksep=50")
  File "/home/saminrk/workspace/scWGS-Tumor-Phylogeny/.venv/lib/python3.13/site-packages/networkx/drawing/nx_agraph.py", line 256, in graphviz_layout
    return pygraphviz_layout(G, prog=prog, root=root, args=args)
  File "/home/saminrk/workspace/scWGS-Tumor-Phylogeny/.venv/lib/python3.13/site-packages/networkx/drawing/nx_agraph.py", line 306, in pygraphviz_layout
    A.layout(prog=prog, args=args)
    ~~~~~~~~^^^^^^^^^^^^^^^^^^^^^^
  File "/home/saminrk/workspace/scWGS-Tumor-Phylogeny/.venv/lib/python3.13/site-packages/pygraphviz/agraph.py", line 1479, in layout
    data = self._run_prog(prog, " ".join([args, "-T", output_fmt]))
  File "/home/saminrk/workspace/scWGS-Tumor-Phylogeny/.venv/lib/python3.13/site-packages/pygraphviz/agraph.py", line 1375, in _run_prog
    p = subprocess.Popen(
        dotargs,
    ...<5 lines>...
        **popen_kwargs,
    )
  File "/apps/arch/software/Python/3.13.5-GCCcore-14.3.0/lib/python3.13/subprocess.py", line 1039, in __init__
    self._execute_child(args, executable, preexec_fn, close_fds,
    ~~~~~~~~~~~~~~~~~~~^^^^^^^^^^^^^^^^^^^^^^^^^^^^^^^^^^^^^^^^^
                        pass_fds, cwd, env,
                        ^^^^^^^^^^^^^^^^^^^
    ...<5 lines>...
                        gid, gids, uid, umask,
                        ^^^^^^^^^^^^^^^^^^^^^^
                        start_new_session, process_group)
                        ^^^^^^^^^^^^^^^^^^^^^^^^^^^^^^^^^
  File "/apps/arch/software/Python/3.13.5-GCCcore-14.3.0/lib/python3.13/subprocess.py", line 1857, in _execute_child
    self._posix_spawn(args, executable, env, restore_signals, close_fds,
    ~~~~~~~~~~~~~~~~~^^^^^^^^^^^^^^^^^^^^^^^^^^^^^^^^^^^^^^^^^^^^^^^^^^^
                      p2cread, p2cwrite,
                      ^^^^^^^^^^^^^^^^^^
                      c2pread, c2pwrite,
                      ^^^^^^^^^^^^^^^^^^
                      errread, errwrite)
                      ^^^^^^^^^^^^^^^^^^
  File "/apps/arch/software/Python/3.13.5-GCCcore-14.3.0/lib/python3.13/subprocess.py", line 1801, in _posix_spawn
    self.pid = os.posix_spawn(executable, args, env, **kwargs)
               ~~~~~~~~~~~~~~^^^^^^^^^^^^^^^^^^^^^^^^^^^^^^^^^
KeyboardInterrupt
