/home/saminrk/workspace/scWGS-Tumor-Phylogeny/src/phylogeny_utils.py:180: UserWarning: This figure includes Axes that are not compatible with tight_layout, so results might be incorrect.
  plt.tight_layout()
/home/saminrk/workspace/scWGS-Tumor-Phylogeny/src/phylogeny_utils.py:180: UserWarning: This figure includes Axes that are not compatible with tight_layout, so results might be incorrect.
  plt.tight_layout()
/home/saminrk/workspace/scWGS-Tumor-Phylogeny/src/phylogeny_utils.py:180: UserWarning: This figure includes Axes that are not compatible with tight_layout, so results might be incorrect.
  plt.tight_layout()
/home/saminrk/workspace/scWGS-Tumor-Phylogeny/src/phylogeny_utils.py:180: UserWarning: This figure includes Axes that are not compatible with tight_layout, so results might be incorrect.
  plt.tight_layout()
/home/saminrk/workspace/scWGS-Tumor-Phylogeny/src/phylogeny_utils.py:180: UserWarning: This figure includes Axes that are not compatible with tight_layout, so results might be incorrect.
  plt.tight_layout()
/home/saminrk/workspace/scWGS-Tumor-Phylogeny/src/phylogeny_utils.py:180: UserWarning: This figure includes Axes that are not compatible with tight_layout, so results might be incorrect.
  plt.tight_layout()
/home/saminrk/workspace/scWGS-Tumor-Phylogeny/src/phylogeny_utils.py:180: UserWarning: This figure includes Axes that are not compatible with tight_layout, so results might be incorrect.
  plt.tight_layout()
/home/saminrk/workspace/scWGS-Tumor-Phylogeny/src/phylogeny_utils.py:180: UserWarning: This figure includes Axes that are not compatible with tight_layout, so results might be incorrect.
  plt.tight_layout()
/home/saminrk/workspace/scWGS-Tumor-Phylogeny/src/phylogeny_utils.py:180: UserWarning: This figure includes Axes that are not compatible with tight_layout, so results might be incorrect.
  plt.tight_layout()
/home/saminrk/workspace/scWGS-Tumor-Phylogeny/src/phylogeny_utils.py:180: UserWarning: This figure includes Axes that are not compatible with tight_layout, so results might be incorrect.
  plt.tight_layout()
/home/saminrk/workspace/scWGS-Tumor-Phylogeny/src/phylogeny_utils.py:180: UserWarning: This figure includes Axes that are not compatible with tight_layout, so results might be incorrect.
  plt.tight_layout()
/home/saminrk/workspace/scWGS-Tumor-Phylogeny/src/phylogeny_utils.py:180: UserWarning: This figure includes Axes that are not compatible with tight_layout, so results might be incorrect.
  plt.tight_layout()
/home/saminrk/workspace/scWGS-Tumor-Phylogeny/src/phylogeny_utils.py:180: UserWarning: This figure includes Axes that are not compatible with tight_layout, so results might be incorrect.
  plt.tight_layout()
/home/saminrk/workspace/scWGS-Tumor-Phylogeny/src/phylogeny_utils.py:180: UserWarning: This figure includes Axes that are not compatible with tight_layout, so results might be incorrect.
  plt.tight_layout()
/home/saminrk/workspace/scWGS-Tumor-Phylogeny/src/phylogeny_utils.py:180: UserWarning: This figure includes Axes that are not compatible with tight_layout, so results might be incorrect.
  plt.tight_layout()
/home/saminrk/workspace/scWGS-Tumor-Phylogeny/src/phylogeny_utils.py:180: UserWarning: This figure includes Axes that are not compatible with tight_layout, so results might be incorrect.
  plt.tight_layout()
/home/saminrk/workspace/scWGS-Tumor-Phylogeny/src/phylogeny_utils.py:180: UserWarning: This figure includes Axes that are not compatible with tight_layout, so results might be incorrect.
  plt.tight_layout()
/home/saminrk/workspace/scWGS-Tumor-Phylogeny/src/phylogeny_utils.py:180: UserWarning: This figure includes Axes that are not compatible with tight_layout, so results might be incorrect.
  plt.tight_layout()
/home/saminrk/workspace/scWGS-Tumor-Phylogeny/src/phylogeny_utils.py:180: UserWarning: This figure includes Axes that are not compatible with tight_layout, so results might be incorrect.
  plt.tight_layout()
/home/saminrk/workspace/scWGS-Tumor-Phylogeny/src/phylogeny_utils.py:180: UserWarning: This figure includes Axes that are not compatible with tight_layout, so results might be incorrect.
  plt.tight_layout()
/home/saminrk/workspace/scWGS-Tumor-Phylogeny/src/phylogeny_utils.py:180: UserWarning: This figure includes Axes that are not compatible with tight_layout, so results might be incorrect.
  plt.tight_layout()
/home/saminrk/workspace/scWGS-Tumor-Phylogeny/src/phylogeny_utils.py:180: UserWarning: This figure includes Axes that are not compatible with tight_layout, so results might be incorrect.
  plt.tight_layout()
/home/saminrk/workspace/scWGS-Tumor-Phylogeny/src/phylogeny_utils.py:180: UserWarning: This figure includes Axes that are not compatible with tight_layout, so results might be incorrect.
  plt.tight_layout()
/home/saminrk/workspace/scWGS-Tumor-Phylogeny/src/phylogeny_utils.py:180: UserWarning: This figure includes Axes that are not compatible with tight_layout, so results might be incorrect.
  plt.tight_layout()
/home/saminrk/workspace/scWGS-Tumor-Phylogeny/src/phylogeny_utils.py:180: UserWarning: This figure includes Axes that are not compatible with tight_layout, so results might be incorrect.
  plt.tight_layout()
/home/saminrk/workspace/scWGS-Tumor-Phylogeny/src/phylogeny_utils.py:180: UserWarning: This figure includes Axes that are not compatible with tight_layout, so results might be incorrect.
  plt.tight_layout()
/home/saminrk/workspace/scWGS-Tumor-Phylogeny/src/phylogeny_utils.py:180: UserWarning: This figure includes Axes that are not compatible with tight_layout, so results might be incorrect.
  plt.tight_layout()
/home/saminrk/workspace/scWGS-Tumor-Phylogeny/src/phylogeny_utils.py:180: UserWarning: This figure includes Axes that are not compatible with tight_layout, so results might be incorrect.
  plt.tight_layout()
/home/saminrk/workspace/scWGS-Tumor-Phylogeny/src/phylogeny_utils.py:180: UserWarning: This figure includes Axes that are not compatible with tight_layout, so results might be incorrect.
  plt.tight_layout()
/home/saminrk/workspace/scWGS-Tumor-Phylogeny/src/phylogeny_utils.py:180: UserWarning: This figure includes Axes that are not compatible with tight_layout, so results might be incorrect.
  plt.tight_layout()
/home/saminrk/workspace/scWGS-Tumor-Phylogeny/src/phylogeny_utils.py:180: UserWarning: This figure includes Axes that are not compatible with tight_layout, so results might be incorrect.
  plt.tight_layout()
/home/saminrk/workspace/scWGS-Tumor-Phylogeny/src/phylogeny_utils.py:180: UserWarning: This figure includes Axes that are not compatible with tight_layout, so results might be incorrect.
  plt.tight_layout()
/home/saminrk/workspace/scWGS-Tumor-Phylogeny/src/phylogeny_utils.py:180: UserWarning: This figure includes Axes that are not compatible with tight_layout, so results might be incorrect.
  plt.tight_layout()
/home/saminrk/workspace/scWGS-Tumor-Phylogeny/src/phylogeny_utils.py:180: UserWarning: This figure includes Axes that are not compatible with tight_layout, so results might be incorrect.
  plt.tight_layout()
/home/saminrk/workspace/scWGS-Tumor-Phylogeny/src/phylogeny_utils.py:180: UserWarning: This figure includes Axes that are not compatible with tight_layout, so results might be incorrect.
  plt.tight_layout()
/home/saminrk/workspace/scWGS-Tumor-Phylogeny/src/phylogeny_utils.py:180: UserWarning: This figure includes Axes that are not compatible with tight_layout, so results might be incorrect.
  plt.tight_layout()
/home/saminrk/workspace/scWGS-Tumor-Phylogeny/src/phylogeny_utils.py:180: UserWarning: This figure includes Axes that are not compatible with tight_layout, so results might be incorrect.
  plt.tight_layout()
/home/saminrk/workspace/scWGS-Tumor-Phylogeny/src/phylogeny_utils.py:180: UserWarning: This figure includes Axes that are not compatible with tight_layout, so results might be incorrect.
  plt.tight_layout()
/home/saminrk/workspace/scWGS-Tumor-Phylogeny/src/phylogeny_utils.py:180: UserWarning: This figure includes Axes that are not compatible with tight_layout, so results might be incorrect.
  plt.tight_layout()
/home/saminrk/workspace/scWGS-Tumor-Phylogeny/src/phylogeny_utils.py:180: UserWarning: This figure includes Axes that are not compatible with tight_layout, so results might be incorrect.
  plt.tight_layout()
/home/saminrk/workspace/scWGS-Tumor-Phylogeny/src/phylogeny_utils.py:180: UserWarning: This figure includes Axes that are not compatible with tight_layout, so results might be incorrect.
  plt.tight_layout()
/home/saminrk/workspace/scWGS-Tumor-Phylogeny/src/phylogeny_utils.py:180: UserWarning: This figure includes Axes that are not compatible with tight_layout, so results might be incorrect.
  plt.tight_layout()
/home/saminrk/workspace/scWGS-Tumor-Phylogeny/src/phylogeny_utils.py:180: UserWarning: This figure includes Axes that are not compatible with tight_layout, so results might be incorrect.
  plt.tight_layout()
Traceback (most recent call last):
  File "<frozen runpy>", line 198, in _run_module_as_main
  File "<frozen runpy>", line 88, in _run_code
  File "/home/saminrk/workspace/scWGS-Tumor-Phylogeny/src/run_williams.py", line 152, in <module>
    run_for_sample(sample)
    ~~~~~~~~~~~~~~^^^^^^^^
  File "/home/saminrk/workspace/scWGS-Tumor-Phylogeny/src/run_williams.py", line 125, in run_for_sample
    draw_clone_tree(fixed_T, f"{solution_path}/T.svg")
    ~~~~~~~~~~~~~~~^^^^^^^^^^^^^^^^^^^^^^^^^^^^^^^^^^^
  File "/home/saminrk/workspace/scWGS-Tumor-Phylogeny/src/phylogeny_utils.py", line 166, in draw_clone_tree
    nx.draw(
    ~~~~~~~^
        T,
        ^^
    ...<8 lines>...
        node_color=node_colors
        ^^^^^^^^^^^^^^^^^^^^^^
    )
    ^
  File "/home/saminrk/workspace/scWGS-Tumor-Phylogeny/.venv/lib/python3.13/site-packages/networkx/drawing/nx_pylab.py", line 1102, in draw
    ax = cf.add_axes((0, 0, 1, 1))
  File "/home/saminrk/workspace/scWGS-Tumor-Phylogeny/.venv/lib/python3.13/site-packages/matplotlib/figure.py", line 639, in add_axes
    a = projection_class(self, rect, **pkw)
  File "/home/saminrk/workspace/scWGS-Tumor-Phylogeny/.venv/lib/python3.13/site-packages/matplotlib/axes/_base.py", line 732, in __init__
    self.clear()
    ~~~~~~~~~~^^
  File "/home/saminrk/workspace/scWGS-Tumor-Phylogeny/.venv/lib/python3.13/site-packages/matplotlib/axes/_base.py", line 1452, in clear
    self.__clear()
    ~~~~~~~~~~~~^^
  File "/home/saminrk/workspace/scWGS-Tumor-Phylogeny/.venv/lib/python3.13/site-packages/matplotlib/axes/_base.py", line 1330, in __clear
    axis.clear()  # Also resets the scale to linear.
    ~~~~~~~~~~^^
  File "/home/saminrk/workspace/scWGS-Tumor-Phylogeny/.venv/lib/python3.13/site-packages/matplotlib/axis.py", line 869, in clear
    self._set_scale('linear')
    ~~~~~~~~~~~~~~~^^^^^^^^^^
  File "/home/saminrk/workspace/scWGS-Tumor-Phylogeny/.venv/lib/python3.13/site-packages/matplotlib/axis.py", line 766, in _set_scale
    self._scale.set_default_locators_and_formatters(self)
    ~~~~~~~~~~~~~~~~~~~~~~~~~~~~~~~~~~~~~~~~~~~~~~~^^^^^^
  File "/home/saminrk/workspace/scWGS-Tumor-Phylogeny/.venv/lib/python3.13/site-packages/matplotlib/scale.py", line 123, in set_default_locators_and_formatters
    axis.set_major_formatter(ScalarFormatter())
                             ~~~~~~~~~~~~~~~^^
  File "/home/saminrk/workspace/scWGS-Tumor-Phylogeny/.venv/lib/python3.13/site-packages/matplotlib/ticker.py", line 460, in __init__
    self.set_useMathText(useMathText)
    ~~~~~~~~~~~~~~~~~~~~^^^^^^^^^^^^^
  File "/home/saminrk/workspace/scWGS-Tumor-Phylogeny/.venv/lib/python3.13/site-packages/matplotlib/ticker.py", line 600, in set_useMathText
    if ufont == str(cbook._get_data_path("fonts/ttf/cmr10.ttf")):
                    ~~~~~~~~~~~~~~~~~~~~^^^^^^^^^^^^^^^^^^^^^^^
  File "/home/saminrk/workspace/scWGS-Tumor-Phylogeny/.venv/lib/python3.13/site-packages/matplotlib/cbook.py", line 603, in _get_data_path
    return Path(matplotlib.get_data_path(), *args)
  File "/apps/arch/software/Python/3.13.5-GCCcore-14.3.0/lib/python3.13/pathlib/_local.py", line 505, in __new__
    def __new__(cls, *args, **kwargs):
    
KeyboardInterrupt
