/home/saminrk/workspace/scWGS-Tumor-Phylogeny/src/phylogeny_utils.py:180: UserWarning: This figure includes Axes that are not compatible with tight_layout, so results might be incorrect.
  plt.tight_layout()
/home/saminrk/workspace/scWGS-Tumor-Phylogeny/src/phylogeny_utils.py:180: UserWarning: This figure includes Axes that are not compatible with tight_layout, so results might be incorrect.
  plt.tight_layout()
/home/saminrk/workspace/scWGS-Tumor-Phylogeny/src/phylogeny_utils.py:180: UserWarning: This figure includes Axes that are not compatible with tight_layout, so results might be incorrect.
  plt.tight_layout()
/home/saminrk/workspace/scWGS-Tumor-Phylogeny/src/phylogeny_utils.py:180: UserWarning: This figure includes Axes that are not compatible with tight_layout, so results might be incorrect.
  plt.tight_layout()
/home/saminrk/workspace/scWGS-Tumor-Phylogeny/src/phylogeny_utils.py:180: UserWarning: This figure includes Axes that are not compatible with tight_layout, so results might be incorrect.
  plt.tight_layout()
/home/saminrk/workspace/scWGS-Tumor-Phylogeny/src/phylogeny_utils.py:180: UserWarning: This figure includes Axes that are not compatible with tight_layout, so results might be incorrect.
  plt.tight_layout()
/home/saminrk/workspace/scWGS-Tumor-Phylogeny/src/phylogeny_utils.py:180: UserWarning: This figure includes Axes that are not compatible with tight_layout, so results might be incorrect.
  plt.tight_layout()
/home/saminrk/workspace/scWGS-Tumor-Phylogeny/src/phylogeny_utils.py:180: UserWarning: This figure includes Axes that are not compatible with tight_layout, so results might be incorrect.
  plt.tight_layout()
/home/saminrk/workspace/scWGS-Tumor-Phylogeny/src/phylogeny_utils.py:180: UserWarning: This figure includes Axes that are not compatible with tight_layout, so results might be incorrect.
  plt.tight_layout()
/home/saminrk/workspace/scWGS-Tumor-Phylogeny/src/phylogeny_utils.py:180: UserWarning: This figure includes Axes that are not compatible with tight_layout, so results might be incorrect.
  plt.tight_layout()
/home/saminrk/workspace/scWGS-Tumor-Phylogeny/src/phylogeny_utils.py:180: UserWarning: This figure includes Axes that are not compatible with tight_layout, so results might be incorrect.
  plt.tight_layout()
/home/saminrk/workspace/scWGS-Tumor-Phylogeny/src/phylogeny_utils.py:180: UserWarning: This figure includes Axes that are not compatible with tight_layout, so results might be incorrect.
  plt.tight_layout()
/home/saminrk/workspace/scWGS-Tumor-Phylogeny/src/phylogeny_utils.py:180: UserWarning: This figure includes Axes that are not compatible with tight_layout, so results might be incorrect.
  plt.tight_layout()
/home/saminrk/workspace/scWGS-Tumor-Phylogeny/src/phylogeny_utils.py:180: UserWarning: This figure includes Axes that are not compatible with tight_layout, so results might be incorrect.
  plt.tight_layout()
/home/saminrk/workspace/scWGS-Tumor-Phylogeny/src/phylogeny_utils.py:180: UserWarning: This figure includes Axes that are not compatible with tight_layout, so results might be incorrect.
  plt.tight_layout()
/home/saminrk/workspace/scWGS-Tumor-Phylogeny/src/phylogeny_utils.py:180: UserWarning: This figure includes Axes that are not compatible with tight_layout, so results might be incorrect.
  plt.tight_layout()
/home/saminrk/workspace/scWGS-Tumor-Phylogeny/src/phylogeny_utils.py:180: UserWarning: This figure includes Axes that are not compatible with tight_layout, so results might be incorrect.
  plt.tight_layout()
/home/saminrk/workspace/scWGS-Tumor-Phylogeny/src/phylogeny_utils.py:180: UserWarning: This figure includes Axes that are not compatible with tight_layout, so results might be incorrect.
  plt.tight_layout()
/home/saminrk/workspace/scWGS-Tumor-Phylogeny/src/phylogeny_utils.py:180: UserWarning: This figure includes Axes that are not compatible with tight_layout, so results might be incorrect.
  plt.tight_layout()
/home/saminrk/workspace/scWGS-Tumor-Phylogeny/src/phylogeny_utils.py:180: UserWarning: This figure includes Axes that are not compatible with tight_layout, so results might be incorrect.
  plt.tight_layout()
/home/saminrk/workspace/scWGS-Tumor-Phylogeny/src/phylogeny_utils.py:180: UserWarning: This figure includes Axes that are not compatible with tight_layout, so results might be incorrect.
  plt.tight_layout()
/home/saminrk/workspace/scWGS-Tumor-Phylogeny/src/phylogeny_utils.py:180: UserWarning: This figure includes Axes that are not compatible with tight_layout, so results might be incorrect.
  plt.tight_layout()
/home/saminrk/workspace/scWGS-Tumor-Phylogeny/src/phylogeny_utils.py:180: UserWarning: This figure includes Axes that are not compatible with tight_layout, so results might be incorrect.
  plt.tight_layout()
/home/saminrk/workspace/scWGS-Tumor-Phylogeny/src/phylogeny_utils.py:180: UserWarning: This figure includes Axes that are not compatible with tight_layout, so results might be incorrect.
  plt.tight_layout()
/home/saminrk/workspace/scWGS-Tumor-Phylogeny/src/phylogeny_utils.py:180: UserWarning: This figure includes Axes that are not compatible with tight_layout, so results might be incorrect.
  plt.tight_layout()
/home/saminrk/workspace/scWGS-Tumor-Phylogeny/src/phylogeny_utils.py:180: UserWarning: This figure includes Axes that are not compatible with tight_layout, so results might be incorrect.
  plt.tight_layout()
/home/saminrk/workspace/scWGS-Tumor-Phylogeny/src/phylogeny_utils.py:180: UserWarning: This figure includes Axes that are not compatible with tight_layout, so results might be incorrect.
  plt.tight_layout()
/home/saminrk/workspace/scWGS-Tumor-Phylogeny/src/phylogeny_utils.py:180: UserWarning: This figure includes Axes that are not compatible with tight_layout, so results might be incorrect.
  plt.tight_layout()
/home/saminrk/workspace/scWGS-Tumor-Phylogeny/src/phylogeny_utils.py:180: UserWarning: This figure includes Axes that are not compatible with tight_layout, so results might be incorrect.
  plt.tight_layout()
/home/saminrk/workspace/scWGS-Tumor-Phylogeny/src/phylogeny_utils.py:180: UserWarning: This figure includes Axes that are not compatible with tight_layout, so results might be incorrect.
  plt.tight_layout()
/home/saminrk/workspace/scWGS-Tumor-Phylogeny/src/phylogeny_utils.py:180: UserWarning: This figure includes Axes that are not compatible with tight_layout, so results might be incorrect.
  plt.tight_layout()
/home/saminrk/workspace/scWGS-Tumor-Phylogeny/src/phylogeny_utils.py:180: UserWarning: This figure includes Axes that are not compatible with tight_layout, so results might be incorrect.
  plt.tight_layout()
/home/saminrk/workspace/scWGS-Tumor-Phylogeny/src/phylogeny_utils.py:180: UserWarning: This figure includes Axes that are not compatible with tight_layout, so results might be incorrect.
  plt.tight_layout()
/home/saminrk/workspace/scWGS-Tumor-Phylogeny/src/phylogeny_utils.py:180: UserWarning: This figure includes Axes that are not compatible with tight_layout, so results might be incorrect.
  plt.tight_layout()
/home/saminrk/workspace/scWGS-Tumor-Phylogeny/src/phylogeny_utils.py:180: UserWarning: This figure includes Axes that are not compatible with tight_layout, so results might be incorrect.
  plt.tight_layout()
/home/saminrk/workspace/scWGS-Tumor-Phylogeny/src/phylogeny_utils.py:180: UserWarning: This figure includes Axes that are not compatible with tight_layout, so results might be incorrect.
  plt.tight_layout()
/home/saminrk/workspace/scWGS-Tumor-Phylogeny/src/phylogeny_utils.py:180: UserWarning: This figure includes Axes that are not compatible with tight_layout, so results might be incorrect.
  plt.tight_layout()
/home/saminrk/workspace/scWGS-Tumor-Phylogeny/src/phylogeny_utils.py:180: UserWarning: This figure includes Axes that are not compatible with tight_layout, so results might be incorrect.
  plt.tight_layout()
/home/saminrk/workspace/scWGS-Tumor-Phylogeny/src/phylogeny_utils.py:180: UserWarning: This figure includes Axes that are not compatible with tight_layout, so results might be incorrect.
  plt.tight_layout()
/home/saminrk/workspace/scWGS-Tumor-Phylogeny/src/phylogeny_utils.py:180: UserWarning: This figure includes Axes that are not compatible with tight_layout, so results might be incorrect.
  plt.tight_layout()
/home/saminrk/workspace/scWGS-Tumor-Phylogeny/src/phylogeny_utils.py:180: UserWarning: This figure includes Axes that are not compatible with tight_layout, so results might be incorrect.
  plt.tight_layout()
/home/saminrk/workspace/scWGS-Tumor-Phylogeny/src/phylogeny_utils.py:180: UserWarning: This figure includes Axes that are not compatible with tight_layout, so results might be incorrect.
  plt.tight_layout()
/home/saminrk/workspace/scWGS-Tumor-Phylogeny/src/phylogeny_utils.py:180: UserWarning: This figure includes Axes that are not compatible with tight_layout, so results might be incorrect.
  plt.tight_layout()
/home/saminrk/workspace/scWGS-Tumor-Phylogeny/src/phylogeny_utils.py:180: UserWarning: This figure includes Axes that are not compatible with tight_layout, so results might be incorrect.
  plt.tight_layout()
/home/saminrk/workspace/scWGS-Tumor-Phylogeny/src/phylogeny_utils.py:180: UserWarning: This figure includes Axes that are not compatible with tight_layout, so results might be incorrect.
  plt.tight_layout()
/home/saminrk/workspace/scWGS-Tumor-Phylogeny/src/phylogeny_utils.py:180: UserWarning: This figure includes Axes that are not compatible with tight_layout, so results might be incorrect.
  plt.tight_layout()
/home/saminrk/workspace/scWGS-Tumor-Phylogeny/src/phylogeny_utils.py:180: UserWarning: This figure includes Axes that are not compatible with tight_layout, so results might be incorrect.
  plt.tight_layout()
/home/saminrk/workspace/scWGS-Tumor-Phylogeny/src/phylogeny_utils.py:180: UserWarning: This figure includes Axes that are not compatible with tight_layout, so results might be incorrect.
  plt.tight_layout()
/home/saminrk/workspace/scWGS-Tumor-Phylogeny/src/phylogeny_utils.py:180: UserWarning: This figure includes Axes that are not compatible with tight_layout, so results might be incorrect.
  plt.tight_layout()
/home/saminrk/workspace/scWGS-Tumor-Phylogeny/src/phylogeny_utils.py:180: UserWarning: This figure includes Axes that are not compatible with tight_layout, so results might be incorrect.
  plt.tight_layout()
/home/saminrk/workspace/scWGS-Tumor-Phylogeny/src/phylogeny_utils.py:180: UserWarning: This figure includes Axes that are not compatible with tight_layout, so results might be incorrect.
  plt.tight_layout()
/home/saminrk/workspace/scWGS-Tumor-Phylogeny/src/phylogeny_utils.py:180: UserWarning: This figure includes Axes that are not compatible with tight_layout, so results might be incorrect.
  plt.tight_layout()
/home/saminrk/workspace/scWGS-Tumor-Phylogeny/src/phylogeny_utils.py:180: UserWarning: This figure includes Axes that are not compatible with tight_layout, so results might be incorrect.
  plt.tight_layout()
/home/saminrk/workspace/scWGS-Tumor-Phylogeny/src/phylogeny_utils.py:180: UserWarning: This figure includes Axes that are not compatible with tight_layout, so results might be incorrect.
  plt.tight_layout()
/home/saminrk/workspace/scWGS-Tumor-Phylogeny/src/phylogeny_utils.py:180: UserWarning: This figure includes Axes that are not compatible with tight_layout, so results might be incorrect.
  plt.tight_layout()
/home/saminrk/workspace/scWGS-Tumor-Phylogeny/src/phylogeny_utils.py:180: UserWarning: This figure includes Axes that are not compatible with tight_layout, so results might be incorrect.
  plt.tight_layout()
/home/saminrk/workspace/scWGS-Tumor-Phylogeny/src/phylogeny_utils.py:180: UserWarning: This figure includes Axes that are not compatible with tight_layout, so results might be incorrect.
  plt.tight_layout()
/home/saminrk/workspace/scWGS-Tumor-Phylogeny/src/phylogeny_utils.py:180: UserWarning: This figure includes Axes that are not compatible with tight_layout, so results might be incorrect.
  plt.tight_layout()
/home/saminrk/workspace/scWGS-Tumor-Phylogeny/src/phylogeny_utils.py:180: UserWarning: This figure includes Axes that are not compatible with tight_layout, so results might be incorrect.
  plt.tight_layout()
/home/saminrk/workspace/scWGS-Tumor-Phylogeny/src/phylogeny_utils.py:180: UserWarning: This figure includes Axes that are not compatible with tight_layout, so results might be incorrect.
  plt.tight_layout()
/home/saminrk/workspace/scWGS-Tumor-Phylogeny/src/phylogeny_utils.py:180: UserWarning: This figure includes Axes that are not compatible with tight_layout, so results might be incorrect.
  plt.tight_layout()
/home/saminrk/workspace/scWGS-Tumor-Phylogeny/src/phylogeny_utils.py:180: UserWarning: This figure includes Axes that are not compatible with tight_layout, so results might be incorrect.
  plt.tight_layout()
/home/saminrk/workspace/scWGS-Tumor-Phylogeny/src/phylogeny_utils.py:180: UserWarning: This figure includes Axes that are not compatible with tight_layout, so results might be incorrect.
  plt.tight_layout()
/home/saminrk/workspace/scWGS-Tumor-Phylogeny/src/phylogeny_utils.py:180: UserWarning: This figure includes Axes that are not compatible with tight_layout, so results might be incorrect.
  plt.tight_layout()
/home/saminrk/workspace/scWGS-Tumor-Phylogeny/src/phylogeny_utils.py:180: UserWarning: This figure includes Axes that are not compatible with tight_layout, so results might be incorrect.
  plt.tight_layout()
/home/saminrk/workspace/scWGS-Tumor-Phylogeny/src/phylogeny_utils.py:180: UserWarning: This figure includes Axes that are not compatible with tight_layout, so results might be incorrect.
  plt.tight_layout()
/home/saminrk/workspace/scWGS-Tumor-Phylogeny/src/phylogeny_utils.py:180: UserWarning: This figure includes Axes that are not compatible with tight_layout, so results might be incorrect.
  plt.tight_layout()
/home/saminrk/workspace/scWGS-Tumor-Phylogeny/src/phylogeny_utils.py:180: UserWarning: This figure includes Axes that are not compatible with tight_layout, so results might be incorrect.
  plt.tight_layout()
/home/saminrk/workspace/scWGS-Tumor-Phylogeny/src/phylogeny_utils.py:180: UserWarning: This figure includes Axes that are not compatible with tight_layout, so results might be incorrect.
  plt.tight_layout()
/home/saminrk/workspace/scWGS-Tumor-Phylogeny/src/phylogeny_utils.py:180: UserWarning: This figure includes Axes that are not compatible with tight_layout, so results might be incorrect.
  plt.tight_layout()
Traceback (most recent call last):
  File "<frozen runpy>", line 198, in _run_module_as_main
  File "<frozen runpy>", line 88, in _run_code
  File "/home/saminrk/workspace/scWGS-Tumor-Phylogeny/src/run_williams.py", line 152, in <module>
    run_for_sample(sample)
    ~~~~~~~~~~~~~~^^^^^^^^
  File "/home/saminrk/workspace/scWGS-Tumor-Phylogeny/src/run_williams.py", line 125, in run_for_sample
    draw_clone_tree(fixed_T, f"{solution_path}/T.svg")
    ~~~~~~~~~~~~~~~^^^^^^^^^^^^^^^^^^^^^^^^^^^^^^^^^^^
  File "/home/saminrk/workspace/scWGS-Tumor-Phylogeny/src/phylogeny_utils.py", line 181, in draw_clone_tree
    if filepath: plt.savefig(filepath)
                 ~~~~~~~~~~~^^^^^^^^^^
  File "/home/saminrk/workspace/scWGS-Tumor-Phylogeny/.venv/lib/python3.13/site-packages/matplotlib/pyplot.py", line 1251, in savefig
    fig.canvas.draw_idle()  # Need this if 'transparent=True', to reset colors.
    ~~~~~~~~~~~~~~~~~~~~^^
  File "/home/saminrk/workspace/scWGS-Tumor-Phylogeny/.venv/lib/python3.13/site-packages/matplotlib/backend_bases.py", line 1893, in draw_idle
    self.draw(*args, **kwargs)
    ~~~~~~~~~^^^^^^^^^^^^^^^^^
  File "/home/saminrk/workspace/scWGS-Tumor-Phylogeny/.venv/lib/python3.13/site-packages/matplotlib/backends/backend_agg.py", line 382, in draw
    self.figure.draw(self.renderer)
    ~~~~~~~~~~~~~~~~^^^^^^^^^^^^^^^
  File "/home/saminrk/workspace/scWGS-Tumor-Phylogeny/.venv/lib/python3.13/site-packages/matplotlib/artist.py", line 94, in draw_wrapper
    result = draw(artist, renderer, *args, **kwargs)
  File "/home/saminrk/workspace/scWGS-Tumor-Phylogeny/.venv/lib/python3.13/site-packages/matplotlib/artist.py", line 71, in draw_wrapper
    return draw(artist, renderer)
  File "/home/saminrk/workspace/scWGS-Tumor-Phylogeny/.venv/lib/python3.13/site-packages/matplotlib/figure.py", line 3257, in draw
    mimage._draw_list_compositing_images(
    ~~~~~~~~~~~~~~~~~~~~~~~~~~~~~~~~~~~~^
        renderer, self, artists, self.suppressComposite)
        ^^^^^^^^^^^^^^^^^^^^^^^^^^^^^^^^^^^^^^^^^^^^^^^^
  File "/home/saminrk/workspace/scWGS-Tumor-Phylogeny/.venv/lib/python3.13/site-packages/matplotlib/image.py", line 134, in _draw_list_compositing_images
    a.draw(renderer)
    ~~~~~~^^^^^^^^^^
  File "/home/saminrk/workspace/scWGS-Tumor-Phylogeny/.venv/lib/python3.13/site-packages/matplotlib/artist.py", line 71, in draw_wrapper
    return draw(artist, renderer)
  File "/home/saminrk/workspace/scWGS-Tumor-Phylogeny/.venv/lib/python3.13/site-packages/matplotlib/axes/_base.py", line 3226, in draw
    mimage._draw_list_compositing_images(
    ~~~~~~~~~~~~~~~~~~~~~~~~~~~~~~~~~~~~^
        renderer, self, artists, self.get_figure(root=True).suppressComposite)
        ^^^^^^^^^^^^^^^^^^^^^^^^^^^^^^^^^^^^^^^^^^^^^^^^^^^^^^^^^^^^^^^^^^^^^^
  File "/home/saminrk/workspace/scWGS-Tumor-Phylogeny/.venv/lib/python3.13/site-packages/matplotlib/image.py", line 134, in _draw_list_compositing_images
    a.draw(renderer)
    ~~~~~~^^^^^^^^^^
  File "/home/saminrk/workspace/scWGS-Tumor-Phylogeny/.venv/lib/python3.13/site-packages/matplotlib/artist.py", line 71, in draw_wrapper
    return draw(artist, renderer)
  File "/home/saminrk/workspace/scWGS-Tumor-Phylogeny/.venv/lib/python3.13/site-packages/matplotlib/text.py", line 808, in draw
    textrenderer.draw_text(gc, x, y, clean_line,
    ~~~~~~~~~~~~~~~~~~~~~~^^^^^^^^^^^^^^^^^^^^^^
                           self._fontproperties, angle,
                           ^^^^^^^^^^^^^^^^^^^^^^^^^^^^
                           ismath=ismath, mtext=mtext)
                           ^^^^^^^^^^^^^^^^^^^^^^^^^^^
  File "/home/saminrk/workspace/scWGS-Tumor-Phylogeny/.venv/lib/python3.13/site-packages/matplotlib/backends/backend_agg.py", line 192, in draw_text
    font.set_text(s, 0, flags=get_hinting_flag())
    ~~~~~~~~~~~~~^^^^^^^^^^^^^^^^^^^^^^^^^^^^^^^^
  File "/apps/arch/software/Python/3.13.5-GCCcore-14.3.0/lib/python3.13/enum.py", line 199, in __get__
    def __get__(self, instance, ownerclass=None):
    
KeyboardInterrupt
