/home/saminrk/workspace/scWGS-Tumor-Phylogeny/src/phylogeny_utils.py:180: UserWarning: This figure includes Axes that are not compatible with tight_layout, so results might be incorrect.
  plt.tight_layout()
/home/saminrk/workspace/scWGS-Tumor-Phylogeny/src/phylogeny_utils.py:180: UserWarning: This figure includes Axes that are not compatible with tight_layout, so results might be incorrect.
  plt.tight_layout()
/home/saminrk/workspace/scWGS-Tumor-Phylogeny/src/phylogeny_utils.py:180: UserWarning: This figure includes Axes that are not compatible with tight_layout, so results might be incorrect.
  plt.tight_layout()
/home/saminrk/workspace/scWGS-Tumor-Phylogeny/src/phylogeny_utils.py:180: UserWarning: This figure includes Axes that are not compatible with tight_layout, so results might be incorrect.
  plt.tight_layout()
/home/saminrk/workspace/scWGS-Tumor-Phylogeny/src/phylogeny_utils.py:180: UserWarning: This figure includes Axes that are not compatible with tight_layout, so results might be incorrect.
  plt.tight_layout()
/home/saminrk/workspace/scWGS-Tumor-Phylogeny/src/phylogeny_utils.py:180: UserWarning: This figure includes Axes that are not compatible with tight_layout, so results might be incorrect.
  plt.tight_layout()
/home/saminrk/workspace/scWGS-Tumor-Phylogeny/src/phylogeny_utils.py:180: UserWarning: This figure includes Axes that are not compatible with tight_layout, so results might be incorrect.
  plt.tight_layout()
/home/saminrk/workspace/scWGS-Tumor-Phylogeny/src/phylogeny_utils.py:180: UserWarning: This figure includes Axes that are not compatible with tight_layout, so results might be incorrect.
  plt.tight_layout()
/home/saminrk/workspace/scWGS-Tumor-Phylogeny/src/phylogeny_utils.py:180: UserWarning: This figure includes Axes that are not compatible with tight_layout, so results might be incorrect.
  plt.tight_layout()
/home/saminrk/workspace/scWGS-Tumor-Phylogeny/src/phylogeny_utils.py:180: UserWarning: This figure includes Axes that are not compatible with tight_layout, so results might be incorrect.
  plt.tight_layout()
/home/saminrk/workspace/scWGS-Tumor-Phylogeny/src/phylogeny_utils.py:180: UserWarning: This figure includes Axes that are not compatible with tight_layout, so results might be incorrect.
  plt.tight_layout()
/home/saminrk/workspace/scWGS-Tumor-Phylogeny/src/phylogeny_utils.py:180: UserWarning: This figure includes Axes that are not compatible with tight_layout, so results might be incorrect.
  plt.tight_layout()
/home/saminrk/workspace/scWGS-Tumor-Phylogeny/src/phylogeny_utils.py:180: UserWarning: This figure includes Axes that are not compatible with tight_layout, so results might be incorrect.
  plt.tight_layout()
/home/saminrk/workspace/scWGS-Tumor-Phylogeny/src/phylogeny_utils.py:180: UserWarning: This figure includes Axes that are not compatible with tight_layout, so results might be incorrect.
  plt.tight_layout()
/home/saminrk/workspace/scWGS-Tumor-Phylogeny/src/phylogeny_utils.py:180: UserWarning: This figure includes Axes that are not compatible with tight_layout, so results might be incorrect.
  plt.tight_layout()
/home/saminrk/workspace/scWGS-Tumor-Phylogeny/src/phylogeny_utils.py:180: UserWarning: This figure includes Axes that are not compatible with tight_layout, so results might be incorrect.
  plt.tight_layout()
/home/saminrk/workspace/scWGS-Tumor-Phylogeny/src/phylogeny_utils.py:180: UserWarning: This figure includes Axes that are not compatible with tight_layout, so results might be incorrect.
  plt.tight_layout()
/home/saminrk/workspace/scWGS-Tumor-Phylogeny/src/phylogeny_utils.py:180: UserWarning: This figure includes Axes that are not compatible with tight_layout, so results might be incorrect.
  plt.tight_layout()
/home/saminrk/workspace/scWGS-Tumor-Phylogeny/src/phylogeny_utils.py:180: UserWarning: This figure includes Axes that are not compatible with tight_layout, so results might be incorrect.
  plt.tight_layout()
/home/saminrk/workspace/scWGS-Tumor-Phylogeny/src/phylogeny_utils.py:180: UserWarning: This figure includes Axes that are not compatible with tight_layout, so results might be incorrect.
  plt.tight_layout()
/home/saminrk/workspace/scWGS-Tumor-Phylogeny/src/phylogeny_utils.py:180: UserWarning: This figure includes Axes that are not compatible with tight_layout, so results might be incorrect.
  plt.tight_layout()
/home/saminrk/workspace/scWGS-Tumor-Phylogeny/src/phylogeny_utils.py:180: UserWarning: This figure includes Axes that are not compatible with tight_layout, so results might be incorrect.
  plt.tight_layout()
/home/saminrk/workspace/scWGS-Tumor-Phylogeny/src/phylogeny_utils.py:180: UserWarning: This figure includes Axes that are not compatible with tight_layout, so results might be incorrect.
  plt.tight_layout()
/home/saminrk/workspace/scWGS-Tumor-Phylogeny/src/phylogeny_utils.py:180: UserWarning: This figure includes Axes that are not compatible with tight_layout, so results might be incorrect.
  plt.tight_layout()
/home/saminrk/workspace/scWGS-Tumor-Phylogeny/src/phylogeny_utils.py:180: UserWarning: This figure includes Axes that are not compatible with tight_layout, so results might be incorrect.
  plt.tight_layout()
/home/saminrk/workspace/scWGS-Tumor-Phylogeny/src/phylogeny_utils.py:180: UserWarning: This figure includes Axes that are not compatible with tight_layout, so results might be incorrect.
  plt.tight_layout()
/home/saminrk/workspace/scWGS-Tumor-Phylogeny/src/phylogeny_utils.py:180: UserWarning: This figure includes Axes that are not compatible with tight_layout, so results might be incorrect.
  plt.tight_layout()
/home/saminrk/workspace/scWGS-Tumor-Phylogeny/src/phylogeny_utils.py:180: UserWarning: This figure includes Axes that are not compatible with tight_layout, so results might be incorrect.
  plt.tight_layout()
/home/saminrk/workspace/scWGS-Tumor-Phylogeny/src/phylogeny_utils.py:180: UserWarning: This figure includes Axes that are not compatible with tight_layout, so results might be incorrect.
  plt.tight_layout()
/home/saminrk/workspace/scWGS-Tumor-Phylogeny/src/phylogeny_utils.py:180: UserWarning: This figure includes Axes that are not compatible with tight_layout, so results might be incorrect.
  plt.tight_layout()
/home/saminrk/workspace/scWGS-Tumor-Phylogeny/src/phylogeny_utils.py:180: UserWarning: This figure includes Axes that are not compatible with tight_layout, so results might be incorrect.
  plt.tight_layout()
/home/saminrk/workspace/scWGS-Tumor-Phylogeny/src/phylogeny_utils.py:180: UserWarning: This figure includes Axes that are not compatible with tight_layout, so results might be incorrect.
  plt.tight_layout()
/home/saminrk/workspace/scWGS-Tumor-Phylogeny/src/phylogeny_utils.py:180: UserWarning: This figure includes Axes that are not compatible with tight_layout, so results might be incorrect.
  plt.tight_layout()
/home/saminrk/workspace/scWGS-Tumor-Phylogeny/src/phylogeny_utils.py:180: UserWarning: This figure includes Axes that are not compatible with tight_layout, so results might be incorrect.
  plt.tight_layout()
/home/saminrk/workspace/scWGS-Tumor-Phylogeny/src/phylogeny_utils.py:180: UserWarning: This figure includes Axes that are not compatible with tight_layout, so results might be incorrect.
  plt.tight_layout()
/home/saminrk/workspace/scWGS-Tumor-Phylogeny/src/phylogeny_utils.py:180: UserWarning: This figure includes Axes that are not compatible with tight_layout, so results might be incorrect.
  plt.tight_layout()
/home/saminrk/workspace/scWGS-Tumor-Phylogeny/src/phylogeny_utils.py:180: UserWarning: This figure includes Axes that are not compatible with tight_layout, so results might be incorrect.
  plt.tight_layout()
/home/saminrk/workspace/scWGS-Tumor-Phylogeny/src/phylogeny_utils.py:180: UserWarning: This figure includes Axes that are not compatible with tight_layout, so results might be incorrect.
  plt.tight_layout()
/home/saminrk/workspace/scWGS-Tumor-Phylogeny/src/phylogeny_utils.py:180: UserWarning: This figure includes Axes that are not compatible with tight_layout, so results might be incorrect.
  plt.tight_layout()
/home/saminrk/workspace/scWGS-Tumor-Phylogeny/src/phylogeny_utils.py:180: UserWarning: This figure includes Axes that are not compatible with tight_layout, so results might be incorrect.
  plt.tight_layout()
/home/saminrk/workspace/scWGS-Tumor-Phylogeny/src/phylogeny_utils.py:180: UserWarning: This figure includes Axes that are not compatible with tight_layout, so results might be incorrect.
  plt.tight_layout()
/home/saminrk/workspace/scWGS-Tumor-Phylogeny/src/phylogeny_utils.py:180: UserWarning: This figure includes Axes that are not compatible with tight_layout, so results might be incorrect.
  plt.tight_layout()
/home/saminrk/workspace/scWGS-Tumor-Phylogeny/src/phylogeny_utils.py:180: UserWarning: This figure includes Axes that are not compatible with tight_layout, so results might be incorrect.
  plt.tight_layout()
/home/saminrk/workspace/scWGS-Tumor-Phylogeny/src/phylogeny_utils.py:180: UserWarning: This figure includes Axes that are not compatible with tight_layout, so results might be incorrect.
  plt.tight_layout()
/home/saminrk/workspace/scWGS-Tumor-Phylogeny/src/phylogeny_utils.py:180: UserWarning: This figure includes Axes that are not compatible with tight_layout, so results might be incorrect.
  plt.tight_layout()
/home/saminrk/workspace/scWGS-Tumor-Phylogeny/src/phylogeny_utils.py:180: UserWarning: This figure includes Axes that are not compatible with tight_layout, so results might be incorrect.
  plt.tight_layout()
/home/saminrk/workspace/scWGS-Tumor-Phylogeny/src/phylogeny_utils.py:180: UserWarning: This figure includes Axes that are not compatible with tight_layout, so results might be incorrect.
  plt.tight_layout()
/home/saminrk/workspace/scWGS-Tumor-Phylogeny/src/phylogeny_utils.py:180: UserWarning: This figure includes Axes that are not compatible with tight_layout, so results might be incorrect.
  plt.tight_layout()
/home/saminrk/workspace/scWGS-Tumor-Phylogeny/src/phylogeny_utils.py:180: UserWarning: This figure includes Axes that are not compatible with tight_layout, so results might be incorrect.
  plt.tight_layout()
/home/saminrk/workspace/scWGS-Tumor-Phylogeny/src/phylogeny_utils.py:180: UserWarning: This figure includes Axes that are not compatible with tight_layout, so results might be incorrect.
  plt.tight_layout()
/home/saminrk/workspace/scWGS-Tumor-Phylogeny/src/phylogeny_utils.py:180: UserWarning: This figure includes Axes that are not compatible with tight_layout, so results might be incorrect.
  plt.tight_layout()
/home/saminrk/workspace/scWGS-Tumor-Phylogeny/src/phylogeny_utils.py:180: UserWarning: This figure includes Axes that are not compatible with tight_layout, so results might be incorrect.
  plt.tight_layout()
/home/saminrk/workspace/scWGS-Tumor-Phylogeny/src/phylogeny_utils.py:180: UserWarning: This figure includes Axes that are not compatible with tight_layout, so results might be incorrect.
  plt.tight_layout()
/home/saminrk/workspace/scWGS-Tumor-Phylogeny/src/phylogeny_utils.py:180: UserWarning: This figure includes Axes that are not compatible with tight_layout, so results might be incorrect.
  plt.tight_layout()
/home/saminrk/workspace/scWGS-Tumor-Phylogeny/src/phylogeny_utils.py:180: UserWarning: This figure includes Axes that are not compatible with tight_layout, so results might be incorrect.
  plt.tight_layout()
/home/saminrk/workspace/scWGS-Tumor-Phylogeny/src/phylogeny_utils.py:180: UserWarning: This figure includes Axes that are not compatible with tight_layout, so results might be incorrect.
  plt.tight_layout()
/home/saminrk/workspace/scWGS-Tumor-Phylogeny/src/phylogeny_utils.py:180: UserWarning: This figure includes Axes that are not compatible with tight_layout, so results might be incorrect.
  plt.tight_layout()
/home/saminrk/workspace/scWGS-Tumor-Phylogeny/src/phylogeny_utils.py:180: UserWarning: This figure includes Axes that are not compatible with tight_layout, so results might be incorrect.
  plt.tight_layout()
/home/saminrk/workspace/scWGS-Tumor-Phylogeny/src/phylogeny_utils.py:180: UserWarning: This figure includes Axes that are not compatible with tight_layout, so results might be incorrect.
  plt.tight_layout()
/home/saminrk/workspace/scWGS-Tumor-Phylogeny/src/phylogeny_utils.py:180: UserWarning: This figure includes Axes that are not compatible with tight_layout, so results might be incorrect.
  plt.tight_layout()
/home/saminrk/workspace/scWGS-Tumor-Phylogeny/src/phylogeny_utils.py:180: UserWarning: This figure includes Axes that are not compatible with tight_layout, so results might be incorrect.
  plt.tight_layout()
/home/saminrk/workspace/scWGS-Tumor-Phylogeny/src/phylogeny_utils.py:180: UserWarning: This figure includes Axes that are not compatible with tight_layout, so results might be incorrect.
  plt.tight_layout()
/home/saminrk/workspace/scWGS-Tumor-Phylogeny/src/phylogeny_utils.py:180: UserWarning: This figure includes Axes that are not compatible with tight_layout, so results might be incorrect.
  plt.tight_layout()
/home/saminrk/workspace/scWGS-Tumor-Phylogeny/src/phylogeny_utils.py:180: UserWarning: This figure includes Axes that are not compatible with tight_layout, so results might be incorrect.
  plt.tight_layout()
/home/saminrk/workspace/scWGS-Tumor-Phylogeny/src/phylogeny_utils.py:180: UserWarning: This figure includes Axes that are not compatible with tight_layout, so results might be incorrect.
  plt.tight_layout()
/home/saminrk/workspace/scWGS-Tumor-Phylogeny/src/phylogeny_utils.py:180: UserWarning: This figure includes Axes that are not compatible with tight_layout, so results might be incorrect.
  plt.tight_layout()
/home/saminrk/workspace/scWGS-Tumor-Phylogeny/src/phylogeny_utils.py:180: UserWarning: This figure includes Axes that are not compatible with tight_layout, so results might be incorrect.
  plt.tight_layout()
/home/saminrk/workspace/scWGS-Tumor-Phylogeny/src/phylogeny_utils.py:180: UserWarning: This figure includes Axes that are not compatible with tight_layout, so results might be incorrect.
  plt.tight_layout()
/home/saminrk/workspace/scWGS-Tumor-Phylogeny/src/phylogeny_utils.py:180: UserWarning: This figure includes Axes that are not compatible with tight_layout, so results might be incorrect.
  plt.tight_layout()
/home/saminrk/workspace/scWGS-Tumor-Phylogeny/src/phylogeny_utils.py:180: UserWarning: This figure includes Axes that are not compatible with tight_layout, so results might be incorrect.
  plt.tight_layout()
/home/saminrk/workspace/scWGS-Tumor-Phylogeny/src/phylogeny_utils.py:180: UserWarning: This figure includes Axes that are not compatible with tight_layout, so results might be incorrect.
  plt.tight_layout()
/home/saminrk/workspace/scWGS-Tumor-Phylogeny/src/phylogeny_utils.py:180: UserWarning: This figure includes Axes that are not compatible with tight_layout, so results might be incorrect.
  plt.tight_layout()
/home/saminrk/workspace/scWGS-Tumor-Phylogeny/src/phylogeny_utils.py:180: UserWarning: This figure includes Axes that are not compatible with tight_layout, so results might be incorrect.
  plt.tight_layout()
Traceback (most recent call last):
  File "<frozen runpy>", line 198, in _run_module_as_main
  File "<frozen runpy>", line 88, in _run_code
  File "/home/saminrk/workspace/scWGS-Tumor-Phylogeny/src/run_williams.py", line 152, in <module>
    run_for_sample(sample)
    ~~~~~~~~~~~~~~^^^^^^^^
  File "/home/saminrk/workspace/scWGS-Tumor-Phylogeny/src/run_williams.py", line 125, in run_for_sample
    draw_clone_tree(fixed_T, f"{solution_path}/T.svg")
    ~~~~~~~~~~~~~~~^^^^^^^^^^^^^^^^^^^^^^^^^^^^^^^^^^^
  File "/home/saminrk/workspace/scWGS-Tumor-Phylogeny/src/phylogeny_utils.py", line 166, in draw_clone_tree
    nx.draw(
    ~~~~~~~^
        T,
        ^^
    ...<8 lines>...
        node_color=node_colors
        ^^^^^^^^^^^^^^^^^^^^^^
    )
    ^
  File "/home/saminrk/workspace/scWGS-Tumor-Phylogeny/.venv/lib/python3.13/site-packages/networkx/drawing/nx_pylab.py", line 1107, in draw
    draw_networkx(G, pos=pos, ax=ax, **kwds)
    ~~~~~~~~~~~~~^^^^^^^^^^^^^^^^^^^^^^^^^^^
  File "/home/saminrk/workspace/scWGS-Tumor-Phylogeny/.venv/lib/python3.13/site-packages/networkx/drawing/nx_pylab.py", line 1296, in draw_networkx
    draw_networkx_edges(G, pos, arrows=arrows, **edge_kwds)
    ~~~~~~~~~~~~~~~~~~~^^^^^^^^^^^^^^^^^^^^^^^^^^^^^^^^^^^^
  File "/home/saminrk/workspace/scWGS-Tumor-Phylogeny/.venv/lib/python3.13/site-packages/networkx/drawing/nx_pylab.py", line 2042, in draw_networkx_edges
    ax.add_patch(arrow)
    ~~~~~~~~~~~~^^^^^^^
  File "/home/saminrk/workspace/scWGS-Tumor-Phylogeny/.venv/lib/python3.13/site-packages/matplotlib/axes/_base.py", line 2492, in add_patch
    self._update_patch_limits(p)
    ~~~~~~~~~~~~~~~~~~~~~~~~~^^^
  File "/home/saminrk/workspace/scWGS-Tumor-Phylogeny/.venv/lib/python3.13/site-packages/matplotlib/axes/_base.py", line 2510, in _update_patch_limits
    p = patch.get_path()
  File "/home/saminrk/workspace/scWGS-Tumor-Phylogeny/.venv/lib/python3.13/site-packages/matplotlib/patches.py", line 4465, in get_path
    _path, fillable = self._get_path_in_displaycoord()
                      ~~~~~~~~~~~~~~~~~~~~~~~~~~~~~~^^
  File "/home/saminrk/workspace/scWGS-Tumor-Phylogeny/.venv/lib/python3.13/site-packages/matplotlib/patches.py", line 4478, in _get_path_in_displaycoord
    _path = self.get_connectionstyle()(posA, posB,
                                       patchA=self.patchA,
    ...<2 lines>...
                                       shrinkB=self.shrinkB * dpi_cor
                                       )
  File "/home/saminrk/workspace/scWGS-Tumor-Phylogeny/.venv/lib/python3.13/site-packages/matplotlib/patches.py", line 2837, in __call__
    path = self._clip(
        path,
        inside_circle(*path.vertices[0], shrinkA) if shrinkA else None,
        inside_circle(*path.vertices[-1], shrinkB) if shrinkB else None
    )
  File "/home/saminrk/workspace/scWGS-Tumor-Phylogeny/.venv/lib/python3.13/site-packages/matplotlib/patches.py", line 2820, in _clip
    path, _ = split_path_inout(path, in_stop)
              ~~~~~~~~~~~~~~~~^^^^^^^^^^^^^^^
  File "/home/saminrk/workspace/scWGS-Tumor-Phylogeny/.venv/lib/python3.13/site-packages/matplotlib/bezier.py", line 378, in split_path_inout
    left, right = split_bezier_intersecting_with_closedpath(
                  ~~~~~~~~~~~~~~~~~~~~~~~~~~~~~~~~~~~~~~~~~^
        bp, inside, tolerance)
        ^^^^^^^^^^^^^^^^^^^^^^
  File "/home/saminrk/workspace/scWGS-Tumor-Phylogeny/.venv/lib/python3.13/site-packages/matplotlib/bezier.py", line 341, in split_bezier_intersecting_with_closedpath
    t0, t1 = find_bezier_t_intersecting_with_closedpath(
             ~~~~~~~~~~~~~~~~~~~~~~~~~~~~~~~~~~~~~~~~~~^
        bezier_point_at_t, inside_closedpath, tolerance=tolerance)
        ^^^^^^^^^^^^^^^^^^^^^^^^^^^^^^^^^^^^^^^^^^^^^^^^^^^^^^^^^^
  File "/home/saminrk/workspace/scWGS-Tumor-Phylogeny/.venv/lib/python3.13/site-packages/matplotlib/bezier.py", line 169, in find_bezier_t_intersecting_with_closedpath
    middle = bezier_point_at_t(middle_t)
  File "/home/saminrk/workspace/scWGS-Tumor-Phylogeny/.venv/lib/python3.13/site-packages/matplotlib/bezier.py", line 230, in point_at_t
    return tuple(self(t))
                 ~~~~^^^
  File "/home/saminrk/workspace/scWGS-Tumor-Phylogeny/.venv/lib/python3.13/site-packages/matplotlib/bezier.py", line 224, in __call__
    * np.power.outer(t, self._orders)) @ self._px
      ~~~~~~~~~~~~~~^^^^^^^^^^^^^^^^^
KeyboardInterrupt
