Traceback (most recent call last):
  File "<frozen runpy>", line 198, in _run_module_as_main
  File "<frozen runpy>", line 88, in _run_code
  File "/Users/samin/workspace/scWGS-Tumor-Phylogeny/src/run_williams.py", line 152, in <module>
    run_for_sample(sample)
    ~~~~~~~~~~~~~~^^^^^^^^
  File "/Users/samin/workspace/scWGS-Tumor-Phylogeny/src/run_williams.py", line 54, in run_for_sample
    kmeans_labels = pd.read_csv(f"{PATH}/kmeans_labels.csv", index_col=0)
  File "/Users/samin/workspace/scWGS-Tumor-Phylogeny/.venv/lib/python3.13/site-packages/pandas/io/parsers/readers.py", line 1026, in read_csv
    return _read(filepath_or_buffer, kwds)
  File "/Users/samin/workspace/scWGS-Tumor-Phylogeny/.venv/lib/python3.13/site-packages/pandas/io/parsers/readers.py", line 620, in _read
    parser = TextFileReader(filepath_or_buffer, **kwds)
  File "/Users/samin/workspace/scWGS-Tumor-Phylogeny/.venv/lib/python3.13/site-packages/pandas/io/parsers/readers.py", line 1620, in __init__
    self._engine = self._make_engine(f, self.engine)
                   ~~~~~~~~~~~~~~~~~^^^^^^^^^^^^^^^^
  File "/Users/samin/workspace/scWGS-Tumor-Phylogeny/.venv/lib/python3.13/site-packages/pandas/io/parsers/readers.py", line 1880, in _make_engine
    self.handles = get_handle(
                   ~~~~~~~~~~^
        f,
        ^^
    ...<6 lines>...
        storage_options=self.options.get("storage_options", None),
        ^^^^^^^^^^^^^^^^^^^^^^^^^^^^^^^^^^^^^^^^^^^^^^^^^^^^^^^^^^
    )
    ^
  File "/Users/samin/workspace/scWGS-Tumor-Phylogeny/.venv/lib/python3.13/site-packages/pandas/io/common.py", line 873, in get_handle
    handle = open(
        handle,
    ...<3 lines>...
        newline="",
    )
FileNotFoundError: [Errno 2] No such file or directory: 'data/williams/scratch/SA1135/kmeans_labels.csv'
