Traceback (most recent call last):
  File "<frozen runpy>", line 198, in _run_module_as_main
  File "<frozen runpy>", line 88, in _run_code
  File "/Users/samin/workspace/scWGS-Tumor-Phylogeny/src/run_williams.py", line 162, in <module>
    run_for_sample(sample)
    ~~~~~~~~~~~~~~^^^^^^^^
  File "/Users/samin/workspace/scWGS-Tumor-Phylogeny/src/run_williams.py", line 85, in run_for_sample
    solution, model = solve_cncff(F_plus, F_minus, n_clones=n_clones,
                      ~~~~~~~~~~~^^^^^^^^^^^^^^^^^^^^^^^^^^^^^^^^^^^^
                                    cluster_weights=cluster_weights, time_limit=60 * 60 * 24,
                                    ^^^^^^^^^^^^^^^^^^^^^^^^^^^^^^^^^^^^^^^^^^^^^^^^^^^^^^^^^
                                    cluster_not_at_root=cluster_not_at_root,
                                    ^^^^^^^^^^^^^^^^^^^^^^^^^^^^^^^^^^^^^^^^
                                    only_mutation_tree_variant=only_mutation_tree_variant)
                                    ^^^^^^^^^^^^^^^^^^^^^^^^^^^^^^^^^^^^^^^^^^^^^^^^^^^^^^
  File "/Users/samin/workspace/scWGS-Tumor-Phylogeny/src/solve_ilp_2.py", line 128, in solve_cncff
    model.addConstr(b[j, c] + b[j, d] <= 2 - z[c,d])
                                         ~~^~~~~~~~
  File "src/gurobipy/var.pxi", line 294, in gurobipy._core.Var.__rsub__
  File "src/gurobipy/linexpr.pxi", line 507, in gurobipy._core.LinExpr.__rsub__
  File "src/gurobipy/linexpr.pxi", line 541, in gurobipy._core.LinExpr.__rmul__
  File "src/gurobipy/linexpr.pxi", line 536, in gurobipy._core.LinExpr.__mul__
  File "src/gurobipy/linexpr.pxi", line 42, in gurobipy._core.LinExpr.__init__
  File "<frozen abc>", line 119, in __instancecheck__
KeyboardInterrupt
